
ROM used:   1552/8192 (19%)
            1552/8192 (19%) including unused fragments

            0.8 Average locations per line
            4.3 Average locations per statement

RAM used:   66/368 (18%) at main() level
            96/368 (26%) worst case

Stack used: 7 worst case (6 in main + 1 for interrupts)
Stack size: 8

Lines Stmts  %   Files
----- ----- ---  -----
  127    49  14  Proyecto.c
  768     0   0  ..\..\..\..\..\..\..\..\Program Files (x86)\PICC\Devices\16f887.h
   37     0   0  ..\..\..\..\..\..\..\..\Program Files (x86)\PICC\Drivers\stdio.h
  423   125  35  ..\..\..\..\..\..\..\..\Program Files (x86)\PICC\Drivers\string.h
   32     0   0  ..\..\..\..\..\..\..\..\Program Files (x86)\PICC\Drivers\stddef.h
   28     0   0  ..\..\..\..\..\..\..\..\Program Files (x86)\PICC\Drivers\ctype.h
  263    72  20  ..\..\..\..\..\..\..\..\Program Files (x86)\PICC\Drivers\LCD_16X2.c
  138    75  21  ..\..\..\..\..\..\..\..\Program Files (x86)\PICC\Drivers\RGB_Control.c
   69    41  11  ..\..\..\..\..\..\..\..\Program Files (x86)\PICC\Drivers\TCS230.c
----- -----
 1885   362 Total

Page ROM  %  RAM    Vol Diff  Functions:
---- --- --- ---    --- ----  ----------
0     20   1    1             @delay_ms1
0      8   1    0             @const719
0     46   3    1    326  2.8  lcd_send_nibble
0     39   3    3    235  3.8  lcd_send_byte
0     47   3    2    380  4.7  lcd_init
0     18   1    4    186  5.5  lcd_gotoxy
0     36   2    1    272  4.1  lcd_putc
0      8   1    0     17  0.8  lcd_clear
0      1   0    0             @const739
0     86   6    4             @PSTRINGC7_733
0     91   6    0    336  4.2  timer0_isr
0    127   8   14    167  5.5  map_int
 Inline         5             @MUL1616
 Inline         5             @DIV1616
0     13   1    0     88  1.7  rgb_init
0    142   9    4   1146  6.5  rgb_write_value
0      5   0    0     30  1.3  TCS230_init
0     16   1    0    117  2.1  TSC230_clear
0     37   2    0    216  3.2  TCS230_getFrequence_red
0     37   2    0    216  3.2  TCS230_getFrequence_green
0     37   2    0    216  3.2  TCS230_getFrequence_blue
0    513  33   39   2820  5.6  MAIN
0     99   6    9             @PRINTF_LU_733
0      6   0    0             @const821
0     23   1    2             @PSTRINGR_9600_62_63
0      7   0    0             @const824
0      6   0    0             @const826
0      5   0    0             @const828
 Inline         0             @cinit1

Program metrics:
    Functions               16
    Statements              362
    Comments                412
    Volume (V)              10538
    Difficulty (D)          58.1
    Effort to implement (E) 612316
    Time to implement (T)   9 hours, 27 minutes
    Est Delivered Bugs (B)  2
    Cyclomatic Complexity   21
    Maintainability (MI)    136

 Segment     Used  Free
-----------  ----  ----
00000-00003     4  0  
00004-0004E    75  0  
0004F-007FF  1473  496  
00800-00FFF     0  2048  
01000-017FF     0  2048  
01800-01FFF     0  2048  



